<?xml version="1.0" encoding="UTF-8"?>
<testng-results skipped="0" failed="0" total="2" passed="2">
  <reporter-output>
  </reporter-output>
  <suite name="Testng" duration-ms="15787" started-at="2019-05-15T15:27:29Z" finished-at="2019-05-15T15:27:45Z">
    <groups>
    </groups>
    <test name="Chrome test" duration-ms="9616" started-at="2019-05-15T15:27:29Z" finished-at="2019-05-15T15:27:39Z">
      <class name="com.testng.MultiBrowser">
        <test-method status="PASS" signature="openApplication(java.lang.String)[pri:0, instance:com.testng.MultiBrowser@6a4f787b]" name="openApplication" is-config="true" duration-ms="6918" started-at="2019-05-15T20:57:29Z" finished-at="2019-05-15T20:57:36Z">
          <params>
            <param index="0">
              <value>
                <![CDATA[chrome]]>
              </value>
            </param>
          </params>
          <reporter-output>
          </reporter-output>
        </test-method> <!-- openApplication -->
        <test-method status="PASS" signature="login()[pri:0, instance:com.testng.MultiBrowser@6a4f787b]" name="login" duration-ms="2305" started-at="2019-05-15T20:57:36Z" finished-at="2019-05-15T20:57:38Z">
          <reporter-output>
          </reporter-output>
        </test-method> <!-- login -->
        <test-method status="PASS" signature="closeApplication()[pri:0, instance:com.testng.MultiBrowser@6a4f787b]" name="closeApplication" is-config="true" duration-ms="377" started-at="2019-05-15T20:57:38Z" finished-at="2019-05-15T20:57:39Z">
          <reporter-output>
          </reporter-output>
        </test-method> <!-- closeApplication -->
      </class> <!-- com.testng.MultiBrowser -->
    </test> <!-- Chrome test -->
    <test name="Firefox test" duration-ms="15787" started-at="2019-05-15T15:27:29Z" finished-at="2019-05-15T15:27:45Z">
      <class name="com.testng.MultiBrowser">
        <test-method status="PASS" signature="openApplication(java.lang.String)[pri:0, instance:com.testng.MultiBrowser@d8355a8]" name="openApplication" is-config="true" duration-ms="12930" started-at="2019-05-15T20:57:29Z" finished-at="2019-05-15T20:57:42Z">
          <params>
            <param index="0">
              <value>
                <![CDATA[firefox]]>
              </value>
            </param>
          </params>
          <reporter-output>
          </reporter-output>
        </test-method> <!-- openApplication -->
        <test-method status="PASS" signature="login()[pri:0, instance:com.testng.MultiBrowser@d8355a8]" name="login" duration-ms="2828" started-at="2019-05-15T20:57:42Z" finished-at="2019-05-15T20:57:45Z">
          <reporter-output>
          </reporter-output>
        </test-method> <!-- login -->
        <test-method status="PASS" signature="closeApplication()[pri:0, instance:com.testng.MultiBrowser@d8355a8]" name="closeApplication" is-config="true" duration-ms="21" started-at="2019-05-15T20:57:45Z" finished-at="2019-05-15T20:57:45Z">
          <reporter-output>
          </reporter-output>
        </test-method> <!-- closeApplication -->
      </class> <!-- com.testng.MultiBrowser -->
    </test> <!-- Firefox test -->
  </suite> <!-- Testng -->
</testng-results>
