<?xml version="1.0" encoding="UTF-8"?>
<!-- Generated by org.testng.reporters.JUnitXMLReporter -->
<testsuite hostname="ALIPL5119" name="Sample test" tests="6" failures="0" timestamp="13 May 2019 16:18:30 GMT" time="0.054" errors="0">
  <testcase name="sanity" time="0.012" classname="com.testng.Grouping"/>
  <testcase name="sanity1" time="0.002" classname="com.testng.Grouping"/>
  <testcase name="sanity2" time="0.002" classname="com.testng.Grouping"/>
  <testcase name="smoke" time="0.002" classname="com.testng.Grouping"/>
  <testcase name="smoke1" time="0.004" classname="com.testng.Grouping"/>
  <testcase name="smoke2" time="0.002" classname="com.testng.Grouping"/>
</testsuite> <!-- Sample test -->
